<?xml version="1.0" encoding="UTF-8"?>
<testng-results ignored="0" total="4" passed="4" failed="0" skipped="0">
  <reporter-output>
  </reporter-output>
  <suite started-at="2022-04-28T17:25:23Z" name="Default suite" finished-at="2022-04-28T17:25:25Z" duration-ms="1689">
    <groups>
    </groups>
    <test started-at="2022-04-28T17:25:23Z" name="Default test" finished-at="2022-04-28T17:25:25Z" duration-ms="1689">
      <class name="Tests.PracticeJsonParse">
        <test-method is-config="true" signature="commonJson()[pri:0, instance:Tests.PracticeJsonParse@272113c4]" started-at="2022-04-28T17:25:23Z" name="commonJson" finished-at="2022-04-28T17:25:23Z" duration-ms="10" status="PASS">
          <reporter-output>
          </reporter-output>
        </test-method> <!-- commonJson -->
        <test-method signature="copiesOfRPA()[pri:0, instance:Tests.PracticeJsonParse@272113c4]" started-at="2022-04-28T17:25:23Z" name="copiesOfRPA" finished-at="2022-04-28T17:25:23Z" duration-ms="5" status="PASS">
          <reporter-output>
          </reporter-output>
        </test-method> <!-- copiesOfRPA -->
        <test-method is-config="true" signature="validation()[pri:0, instance:Tests.PracticeJsonParse@272113c4]" started-at="2022-04-28T17:25:23Z" name="validation" finished-at="2022-04-28T17:25:23Z" duration-ms="0" status="PASS">
          <reporter-output>
          </reporter-output>
        </test-method> <!-- validation -->
        <test-method signature="printNoofCourses()[pri:0, instance:Tests.PracticeJsonParse@272113c4]" started-at="2022-04-28T17:25:23Z" name="printNoofCourses" finished-at="2022-04-28T17:25:25Z" duration-ms="1273" status="PASS">
          <reporter-output>
          </reporter-output>
        </test-method> <!-- printNoofCourses -->
        <test-method is-config="true" signature="commonJson()[pri:0, instance:Tests.PracticeJsonParse@272113c4]" started-at="2022-04-28T17:25:23Z" name="commonJson" finished-at="2022-04-28T17:25:23Z" duration-ms="0" status="PASS">
          <reporter-output>
          </reporter-output>
        </test-method> <!-- commonJson -->
        <test-method is-config="true" signature="commonJson()[pri:0, instance:Tests.PracticeJsonParse@272113c4]" started-at="2022-04-28T17:25:25Z" name="commonJson" finished-at="2022-04-28T17:25:25Z" duration-ms="0" status="PASS">
          <reporter-output>
          </reporter-output>
        </test-method> <!-- commonJson -->
        <test-method signature="printTitle()[pri:0, instance:Tests.PracticeJsonParse@272113c4]" started-at="2022-04-28T17:25:25Z" name="printTitle" finished-at="2022-04-28T17:25:25Z" duration-ms="215" status="PASS">
          <reporter-output>
          </reporter-output>
        </test-method> <!-- printTitle -->
        <test-method is-config="true" signature="validation()[pri:0, instance:Tests.PracticeJsonParse@272113c4]" started-at="2022-04-28T17:25:25Z" name="validation" finished-at="2022-04-28T17:25:25Z" duration-ms="0" status="PASS">
          <reporter-output>
          </reporter-output>
        </test-method> <!-- validation -->
        <test-method is-config="true" signature="validation()[pri:0, instance:Tests.PracticeJsonParse@272113c4]" started-at="2022-04-28T17:25:25Z" name="validation" finished-at="2022-04-28T17:25:25Z" duration-ms="0" status="PASS">
          <reporter-output>
          </reporter-output>
        </test-method> <!-- validation -->
        <test-method is-config="true" signature="commonJson()[pri:0, instance:Tests.PracticeJsonParse@272113c4]" started-at="2022-04-28T17:25:25Z" name="commonJson" finished-at="2022-04-28T17:25:25Z" duration-ms="0" status="PASS">
          <reporter-output>
          </reporter-output>
        </test-method> <!-- commonJson -->
        <test-method signature="sumOfCourses()[pri:0, instance:Tests.PracticeJsonParse@272113c4]" started-at="2022-04-28T17:25:25Z" name="sumOfCourses" finished-at="2022-04-28T17:25:25Z" duration-ms="151" status="PASS">
          <reporter-output>
          </reporter-output>
        </test-method> <!-- sumOfCourses -->
        <test-method is-config="true" signature="validation()[pri:0, instance:Tests.PracticeJsonParse@272113c4]" started-at="2022-04-28T17:25:25Z" name="validation" finished-at="2022-04-28T17:25:25Z" duration-ms="0" status="PASS">
          <reporter-output>
          </reporter-output>
        </test-method> <!-- validation -->
      </class> <!-- Tests.PracticeJsonParse -->
    </test> <!-- Default test -->
  </suite> <!-- Default suite -->
</testng-results>
