<?xml version="1.0" encoding="UTF-8"?>
<!-- Generated by org.testng.reporters.JUnitXMLReporter -->
<testsuite ignored="0" hostname="Darsh-PC" failures="0" tests="4" name="Default test" time="1.689" errors="0" timestamp="28 Apr 2022 17:25:25 GMT">
  <testcase classname="Tests.PracticeJsonParse" name="copiesOfRPA" time="0.005"/>
  <testcase classname="Tests.PracticeJsonParse" name="printNoofCourses" time="1.273"/>
  <testcase classname="Tests.PracticeJsonParse" name="printTitle" time="0.215"/>
  <testcase classname="Tests.PracticeJsonParse" name="sumOfCourses" time="0.151"/>
</testsuite> <!-- Default test -->
